Determining if the pthread_create exist failed with the following output:
Change Dir: /home/tomas/Área de Trabalho/UNB/Metodos de Programação/Trabalho1MP/src/CMakeFiles/CMakeTmp

Run Build Command:"/usr/bin/make" "cmTC_a406e/fast"
/usr/bin/make -f CMakeFiles/cmTC_a406e.dir/build.make CMakeFiles/cmTC_a406e.dir/build
make[1]: Entering directory '/home/tomas/Área de Trabalho/UNB/Metodos de Programação/Trabalho1MP/src/CMakeFiles/CMakeTmp'
Building C object CMakeFiles/cmTC_a406e.dir/CheckSymbolExists.c.o
/usr/bin/cc     -o CMakeFiles/cmTC_a406e.dir/CheckSymbolExists.c.o   -c "/home/tomas/Área de Trabalho/UNB/Metodos de Programação/Trabalho1MP/src/CMakeFiles/CMakeTmp/CheckSymbolExists.c"
Linking C executable cmTC_a406e
/usr/bin/cmake -E cmake_link_script CMakeFiles/cmTC_a406e.dir/link.txt --verbose=1
/usr/bin/cc       CMakeFiles/cmTC_a406e.dir/CheckSymbolExists.c.o  -o cmTC_a406e -rdynamic 
CMakeFiles/cmTC_a406e.dir/CheckSymbolExists.c.o: na função `main':
CheckSymbolExists.c:(.text+0x16): referência indefinida para `pthread_create'
collect2: error: ld returned 1 exit status
CMakeFiles/cmTC_a406e.dir/build.make:97: recipe for target 'cmTC_a406e' failed
make[1]: *** [cmTC_a406e] Error 1
make[1]: Leaving directory '/home/tomas/Área de Trabalho/UNB/Metodos de Programação/Trabalho1MP/src/CMakeFiles/CMakeTmp'
Makefile:126: recipe for target 'cmTC_a406e/fast' failed
make: *** [cmTC_a406e/fast] Error 2

File /home/tomas/Área de Trabalho/UNB/Metodos de Programação/Trabalho1MP/src/CMakeFiles/CMakeTmp/CheckSymbolExists.c:
/* */
#include <pthread.h>

int main(int argc, char** argv)
{
  (void)argv;
#ifndef pthread_create
  return ((int*)(&pthread_create))[argc];
#else
  (void)argc;
  return 0;
#endif
}

Determining if the function pthread_create exists in the pthreads failed with the following output:
Change Dir: /home/tomas/Área de Trabalho/UNB/Metodos de Programação/Trabalho1MP/src/CMakeFiles/CMakeTmp

Run Build Command:"/usr/bin/make" "cmTC_afd21/fast"
/usr/bin/make -f CMakeFiles/cmTC_afd21.dir/build.make CMakeFiles/cmTC_afd21.dir/build
make[1]: Entering directory '/home/tomas/Área de Trabalho/UNB/Metodos de Programação/Trabalho1MP/src/CMakeFiles/CMakeTmp'
Building C object CMakeFiles/cmTC_afd21.dir/CheckFunctionExists.c.o
/usr/bin/cc    -DCHECK_FUNCTION_EXISTS=pthread_create   -o CMakeFiles/cmTC_afd21.dir/CheckFunctionExists.c.o   -c /usr/share/cmake-3.5/Modules/CheckFunctionExists.c
Linking C executable cmTC_afd21
/usr/bin/cmake -E cmake_link_script CMakeFiles/cmTC_afd21.dir/link.txt --verbose=1
/usr/bin/cc   -DCHECK_FUNCTION_EXISTS=pthread_create    CMakeFiles/cmTC_afd21.dir/CheckFunctionExists.c.o  -o cmTC_afd21 -rdynamic -lpthreads 
/usr/bin/ld: não foi possível encontrar -lpthreads
collect2: error: ld returned 1 exit status
CMakeFiles/cmTC_afd21.dir/build.make:97: recipe for target 'cmTC_afd21' failed
make[1]: *** [cmTC_afd21] Error 1
make[1]: Leaving directory '/home/tomas/Área de Trabalho/UNB/Metodos de Programação/Trabalho1MP/src/CMakeFiles/CMakeTmp'
Makefile:126: recipe for target 'cmTC_afd21/fast' failed
make: *** [cmTC_afd21/fast] Error 2


